<?xml version="1.0" encoding="UTF-8"?>
<testsuite xmlns:xsi="http://www.w3.org/2001/XMLSchema-instance" xsi:noNamespaceSchemaLocation="https://maven.apache.org/surefire/maven-surefire-plugin/xsd/surefire-test-report.xsd" name="com.example.demo.SpringbootmybatisApplicationTests" time="8.778" tests="1" errors="0" skipped="0" failures="0">
  <properties>
    <property name="sun.desktop" value="windows"/>
    <property name="awt.toolkit" value="sun.awt.windows.WToolkit"/>
    <property name="file.encoding.pkg" value="sun.io"/>
    <property name="java.specification.version" value="1.8"/>
    <property name="sun.cpu.isalist" value="amd64"/>
    <property name="sun.jnu.encoding" value="GBK"/>
    <property name="java.class.path" value="D:\workspace\springbootmybatis\target\test-classes;D:\workspace\springbootmybatis\target\classes;D:\apache-maven-3.5.3\maven-dependencies\org\springframework\boot\spring-boot-starter-web\2.0.2.RELEASE\spring-boot-starter-web-2.0.2.RELEASE.jar;D:\apache-maven-3.5.3\maven-dependencies\org\springframework\boot\spring-boot-starter\2.0.2.RELEASE\spring-boot-starter-2.0.2.RELEASE.jar;D:\apache-maven-3.5.3\maven-dependencies\org\springframework\boot\spring-boot\2.0.2.RELEASE\spring-boot-2.0.2.RELEASE.jar;D:\apache-maven-3.5.3\maven-dependencies\org\springframework\boot\spring-boot-autoconfigure\2.0.2.RELEASE\spring-boot-autoconfigure-2.0.2.RELEASE.jar;D:\apache-maven-3.5.3\maven-dependencies\org\springframework\boot\spring-boot-starter-logging\2.0.2.RELEASE\spring-boot-starter-logging-2.0.2.RELEASE.jar;D:\apache-maven-3.5.3\maven-dependencies\ch\qos\logback\logback-classic\1.2.3\logback-classic-1.2.3.jar;D:\apache-maven-3.5.3\maven-dependencies\ch\qos\logback\logback-core\1.2.3\logback-core-1.2.3.jar;D:\apache-maven-3.5.3\maven-dependencies\org\apache\logging\log4j\log4j-to-slf4j\2.10.0\log4j-to-slf4j-2.10.0.jar;D:\apache-maven-3.5.3\maven-dependencies\org\apache\logging\log4j\log4j-api\2.10.0\log4j-api-2.10.0.jar;D:\apache-maven-3.5.3\maven-dependencies\org\slf4j\jul-to-slf4j\1.7.25\jul-to-slf4j-1.7.25.jar;D:\apache-maven-3.5.3\maven-dependencies\javax\annotation\javax.annotation-api\1.3.2\javax.annotation-api-1.3.2.jar;D:\apache-maven-3.5.3\maven-dependencies\org\yaml\snakeyaml\1.19\snakeyaml-1.19.jar;D:\apache-maven-3.5.3\maven-dependencies\org\springframework\boot\spring-boot-starter-json\2.0.2.RELEASE\spring-boot-starter-json-2.0.2.RELEASE.jar;D:\apache-maven-3.5.3\maven-dependencies\com\fasterxml\jackson\core\jackson-databind\2.9.5\jackson-databind-2.9.5.jar;D:\apache-maven-3.5.3\maven-dependencies\com\fasterxml\jackson\core\jackson-core\2.9.5\jackson-core-2.9.5.jar;D:\apache-maven-3.5.3\maven-dependencies\com\fasterxml\jackson\datatype\jackson-datatype-jdk8\2.9.5\jackson-datatype-jdk8-2.9.5.jar;D:\apache-maven-3.5.3\maven-dependencies\com\fasterxml\jackson\datatype\jackson-datatype-jsr310\2.9.5\jackson-datatype-jsr310-2.9.5.jar;D:\apache-maven-3.5.3\maven-dependencies\com\fasterxml\jackson\module\jackson-module-parameter-names\2.9.5\jackson-module-parameter-names-2.9.5.jar;D:\apache-maven-3.5.3\maven-dependencies\org\springframework\boot\spring-boot-starter-tomcat\2.0.2.RELEASE\spring-boot-starter-tomcat-2.0.2.RELEASE.jar;D:\apache-maven-3.5.3\maven-dependencies\org\apache\tomcat\embed\tomcat-embed-core\8.5.31\tomcat-embed-core-8.5.31.jar;D:\apache-maven-3.5.3\maven-dependencies\org\apache\tomcat\embed\tomcat-embed-el\8.5.31\tomcat-embed-el-8.5.31.jar;D:\apache-maven-3.5.3\maven-dependencies\org\apache\tomcat\embed\tomcat-embed-websocket\8.5.31\tomcat-embed-websocket-8.5.31.jar;D:\apache-maven-3.5.3\maven-dependencies\org\hibernate\validator\hibernate-validator\6.0.9.Final\hibernate-validator-6.0.9.Final.jar;D:\apache-maven-3.5.3\maven-dependencies\javax\validation\validation-api\2.0.1.Final\validation-api-2.0.1.Final.jar;D:\apache-maven-3.5.3\maven-dependencies\org\jboss\logging\jboss-logging\3.3.2.Final\jboss-logging-3.3.2.Final.jar;D:\apache-maven-3.5.3\maven-dependencies\org\springframework\spring-web\5.0.6.RELEASE\spring-web-5.0.6.RELEASE.jar;D:\apache-maven-3.5.3\maven-dependencies\org\springframework\spring-beans\5.0.6.RELEASE\spring-beans-5.0.6.RELEASE.jar;D:\apache-maven-3.5.3\maven-dependencies\org\springframework\spring-webmvc\5.0.6.RELEASE\spring-webmvc-5.0.6.RELEASE.jar;D:\apache-maven-3.5.3\maven-dependencies\org\springframework\spring-aop\5.0.6.RELEASE\spring-aop-5.0.6.RELEASE.jar;D:\apache-maven-3.5.3\maven-dependencies\org\springframework\spring-context\5.0.6.RELEASE\spring-context-5.0.6.RELEASE.jar;D:\apache-maven-3.5.3\maven-dependencies\org\springframework\spring-expression\5.0.6.RELEASE\spring-expression-5.0.6.RELEASE.jar;D:\apache-maven-3.5.3\maven-dependencies\org\mybatis\spring\boot\mybatis-spring-boot-starter\1.3.2\mybatis-spring-boot-starter-1.3.2.jar;D:\apache-maven-3.5.3\maven-dependencies\org\springframework\boot\spring-boot-starter-jdbc\2.0.2.RELEASE\spring-boot-starter-jdbc-2.0.2.RELEASE.jar;D:\apache-maven-3.5.3\maven-dependencies\com\zaxxer\HikariCP\2.7.9\HikariCP-2.7.9.jar;D:\apache-maven-3.5.3\maven-dependencies\org\springframework\spring-jdbc\5.0.6.RELEASE\spring-jdbc-5.0.6.RELEASE.jar;D:\apache-maven-3.5.3\maven-dependencies\org\mybatis\spring\boot\mybatis-spring-boot-autoconfigure\1.3.2\mybatis-spring-boot-autoconfigure-1.3.2.jar;D:\apache-maven-3.5.3\maven-dependencies\org\mybatis\mybatis\3.4.6\mybatis-3.4.6.jar;D:\apache-maven-3.5.3\maven-dependencies\org\mybatis\mybatis-spring\1.3.2\mybatis-spring-1.3.2.jar;D:\apache-maven-3.5.3\maven-dependencies\mysql\mysql-connector-java\5.1.46\mysql-connector-java-5.1.46.jar;D:\apache-maven-3.5.3\maven-dependencies\org\springframework\boot\spring-boot-starter-test\2.0.2.RELEASE\spring-boot-starter-test-2.0.2.RELEASE.jar;D:\apache-maven-3.5.3\maven-dependencies\org\springframework\boot\spring-boot-test\2.0.2.RELEASE\spring-boot-test-2.0.2.RELEASE.jar;D:\apache-maven-3.5.3\maven-dependencies\org\springframework\boot\spring-boot-test-autoconfigure\2.0.2.RELEASE\spring-boot-test-autoconfigure-2.0.2.RELEASE.jar;D:\apache-maven-3.5.3\maven-dependencies\com\jayway\jsonpath\json-path\2.4.0\json-path-2.4.0.jar;D:\apache-maven-3.5.3\maven-dependencies\net\minidev\json-smart\2.3\json-smart-2.3.jar;D:\apache-maven-3.5.3\maven-dependencies\net\minidev\accessors-smart\1.2\accessors-smart-1.2.jar;D:\apache-maven-3.5.3\maven-dependencies\org\ow2\asm\asm\5.0.4\asm-5.0.4.jar;D:\apache-maven-3.5.3\maven-dependencies\junit\junit\4.12\junit-4.12.jar;D:\apache-maven-3.5.3\maven-dependencies\org\assertj\assertj-core\3.9.1\assertj-core-3.9.1.jar;D:\apache-maven-3.5.3\maven-dependencies\org\mockito\mockito-core\2.15.0\mockito-core-2.15.0.jar;D:\apache-maven-3.5.3\maven-dependencies\net\bytebuddy\byte-buddy\1.7.11\byte-buddy-1.7.11.jar;D:\apache-maven-3.5.3\maven-dependencies\net\bytebuddy\byte-buddy-agent\1.7.11\byte-buddy-agent-1.7.11.jar;D:\apache-maven-3.5.3\maven-dependencies\org\objenesis\objenesis\2.6\objenesis-2.6.jar;D:\apache-maven-3.5.3\maven-dependencies\org\hamcrest\hamcrest-core\1.3\hamcrest-core-1.3.jar;D:\apache-maven-3.5.3\maven-dependencies\org\hamcrest\hamcrest-library\1.3\hamcrest-library-1.3.jar;D:\apache-maven-3.5.3\maven-dependencies\org\skyscreamer\jsonassert\1.5.0\jsonassert-1.5.0.jar;D:\apache-maven-3.5.3\maven-dependencies\com\vaadin\external\google\android-json\0.0.20131108.vaadin1\android-json-0.0.20131108.vaadin1.jar;D:\apache-maven-3.5.3\maven-dependencies\org\springframework\spring-core\5.0.6.RELEASE\spring-core-5.0.6.RELEASE.jar;D:\apache-maven-3.5.3\maven-dependencies\org\springframework\spring-jcl\5.0.6.RELEASE\spring-jcl-5.0.6.RELEASE.jar;D:\apache-maven-3.5.3\maven-dependencies\org\springframework\spring-test\5.0.6.RELEASE\spring-test-5.0.6.RELEASE.jar;D:\apache-maven-3.5.3\maven-dependencies\org\xmlunit\xmlunit-core\2.5.1\xmlunit-core-2.5.1.jar;D:\apache-maven-3.5.3\maven-dependencies\com\alibaba\druid\1.0.20\druid-1.0.20.jar;C:\Program Files (x86)\java\jdk1.8.0_161\jre\..\lib\jconsole.jar;C:\Program Files (x86)\java\jdk1.8.0_161\jre\..\lib\tools.jar;D:\apache-maven-3.5.3\maven-dependencies\org\springframework\boot\spring-boot-starter-data-redis\2.0.2.RELEASE\spring-boot-starter-data-redis-2.0.2.RELEASE.jar;D:\apache-maven-3.5.3\maven-dependencies\org\springframework\data\spring-data-redis\2.0.7.RELEASE\spring-data-redis-2.0.7.RELEASE.jar;D:\apache-maven-3.5.3\maven-dependencies\org\springframework\data\spring-data-keyvalue\2.0.7.RELEASE\spring-data-keyvalue-2.0.7.RELEASE.jar;D:\apache-maven-3.5.3\maven-dependencies\org\springframework\data\spring-data-commons\2.0.7.RELEASE\spring-data-commons-2.0.7.RELEASE.jar;D:\apache-maven-3.5.3\maven-dependencies\org\springframework\spring-tx\5.0.6.RELEASE\spring-tx-5.0.6.RELEASE.jar;D:\apache-maven-3.5.3\maven-dependencies\org\springframework\spring-oxm\5.0.6.RELEASE\spring-oxm-5.0.6.RELEASE.jar;D:\apache-maven-3.5.3\maven-dependencies\org\springframework\spring-context-support\5.0.6.RELEASE\spring-context-support-5.0.6.RELEASE.jar;D:\apache-maven-3.5.3\maven-dependencies\io\lettuce\lettuce-core\5.0.4.RELEASE\lettuce-core-5.0.4.RELEASE.jar;D:\apache-maven-3.5.3\maven-dependencies\io\projectreactor\reactor-core\3.1.7.RELEASE\reactor-core-3.1.7.RELEASE.jar;D:\apache-maven-3.5.3\maven-dependencies\org\reactivestreams\reactive-streams\1.0.2\reactive-streams-1.0.2.jar;D:\apache-maven-3.5.3\maven-dependencies\io\netty\netty-common\4.1.24.Final\netty-common-4.1.24.Final.jar;D:\apache-maven-3.5.3\maven-dependencies\io\netty\netty-transport\4.1.24.Final\netty-transport-4.1.24.Final.jar;D:\apache-maven-3.5.3\maven-dependencies\io\netty\netty-buffer\4.1.24.Final\netty-buffer-4.1.24.Final.jar;D:\apache-maven-3.5.3\maven-dependencies\io\netty\netty-resolver\4.1.24.Final\netty-resolver-4.1.24.Final.jar;D:\apache-maven-3.5.3\maven-dependencies\io\netty\netty-handler\4.1.24.Final\netty-handler-4.1.24.Final.jar;D:\apache-maven-3.5.3\maven-dependencies\io\netty\netty-codec\4.1.24.Final\netty-codec-4.1.24.Final.jar;D:\apache-maven-3.5.3\maven-dependencies\com\alibaba\fastjson\1.2.12\fastjson-1.2.12.jar;D:\apache-maven-3.5.3\maven-dependencies\org\springframework\boot\spring-boot-starter-thymeleaf\2.0.2.RELEASE\spring-boot-starter-thymeleaf-2.0.2.RELEASE.jar;D:\apache-maven-3.5.3\maven-dependencies\org\thymeleaf\thymeleaf-spring5\3.0.9.RELEASE\thymeleaf-spring5-3.0.9.RELEASE.jar;D:\apache-maven-3.5.3\maven-dependencies\org\thymeleaf\thymeleaf\3.0.9.RELEASE\thymeleaf-3.0.9.RELEASE.jar;D:\apache-maven-3.5.3\maven-dependencies\org\attoparser\attoparser\2.0.4.RELEASE\attoparser-2.0.4.RELEASE.jar;D:\apache-maven-3.5.3\maven-dependencies\org\unbescape\unbescape\1.1.5.RELEASE\unbescape-1.1.5.RELEASE.jar;D:\apache-maven-3.5.3\maven-dependencies\org\thymeleaf\extras\thymeleaf-extras-java8time\3.0.1.RELEASE\thymeleaf-extras-java8time-3.0.1.RELEASE.jar;D:\apache-maven-3.5.3\maven-dependencies\io\springfox\springfox-swagger2\2.7.0\springfox-swagger2-2.7.0.jar;D:\apache-maven-3.5.3\maven-dependencies\io\swagger\swagger-annotations\1.5.13\swagger-annotations-1.5.13.jar;D:\apache-maven-3.5.3\maven-dependencies\io\swagger\swagger-models\1.5.13\swagger-models-1.5.13.jar;D:\apache-maven-3.5.3\maven-dependencies\com\fasterxml\jackson\core\jackson-annotations\2.9.0\jackson-annotations-2.9.0.jar;D:\apache-maven-3.5.3\maven-dependencies\io\springfox\springfox-spi\2.7.0\springfox-spi-2.7.0.jar;D:\apache-maven-3.5.3\maven-dependencies\io\springfox\springfox-core\2.7.0\springfox-core-2.7.0.jar;D:\apache-maven-3.5.3\maven-dependencies\io\springfox\springfox-schema\2.7.0\springfox-schema-2.7.0.jar;D:\apache-maven-3.5.3\maven-dependencies\io\springfox\springfox-swagger-common\2.7.0\springfox-swagger-common-2.7.0.jar;D:\apache-maven-3.5.3\maven-dependencies\io\springfox\springfox-spring-web\2.7.0\springfox-spring-web-2.7.0.jar;D:\apache-maven-3.5.3\maven-dependencies\org\reflections\reflections\0.9.11\reflections-0.9.11.jar;D:\apache-maven-3.5.3\maven-dependencies\org\javassist\javassist\3.21.0-GA\javassist-3.21.0-GA.jar;D:\apache-maven-3.5.3\maven-dependencies\com\google\guava\guava\18.0\guava-18.0.jar;D:\apache-maven-3.5.3\maven-dependencies\com\fasterxml\classmate\1.3.4\classmate-1.3.4.jar;D:\apache-maven-3.5.3\maven-dependencies\org\slf4j\slf4j-api\1.7.25\slf4j-api-1.7.25.jar;D:\apache-maven-3.5.3\maven-dependencies\org\springframework\plugin\spring-plugin-core\1.2.0.RELEASE\spring-plugin-core-1.2.0.RELEASE.jar;D:\apache-maven-3.5.3\maven-dependencies\org\springframework\plugin\spring-plugin-metadata\1.2.0.RELEASE\spring-plugin-metadata-1.2.0.RELEASE.jar;D:\apache-maven-3.5.3\maven-dependencies\org\mapstruct\mapstruct\1.1.0.Final\mapstruct-1.1.0.Final.jar;D:\apache-maven-3.5.3\maven-dependencies\io\springfox\springfox-swagger-ui\2.7.0\springfox-swagger-ui-2.7.0.jar;"/>
    <property name="java.vm.vendor" value="Oracle Corporation"/>
    <property name="sun.arch.data.model" value="64"/>
    <property name="user.variant" value=""/>
    <property name="java.vendor.url" value="http://java.oracle.com/"/>
    <property name="user.timezone" value=""/>
    <property name="java.vm.specification.version" value="1.8"/>
    <property name="os.name" value="Windows 7"/>
    <property name="user.country" value="CN"/>
    <property name="sun.java.launcher" value="SUN_STANDARD"/>
    <property name="sun.boot.library.path" value="C:\Program Files (x86)\java\jdk1.8.0_161\jre\bin"/>
    <property name="sun.java.command" value="C:\Users\ADMINI~1\AppData\Local\Temp\surefire6969188317267863764\surefirebooter1768694044560667672.jar C:\Users\Administrator\AppData\Local\Temp\surefire6969188317267863764 2018-06-20T10-20-42_984-jvmRun1 surefire494448579883388564tmp surefire_04455044307615927436tmp"/>
    <property name="surefire.test.class.path" value="D:\workspace\springbootmybatis\target\test-classes;D:\workspace\springbootmybatis\target\classes;D:\apache-maven-3.5.3\maven-dependencies\org\springframework\boot\spring-boot-starter-web\2.0.2.RELEASE\spring-boot-starter-web-2.0.2.RELEASE.jar;D:\apache-maven-3.5.3\maven-dependencies\org\springframework\boot\spring-boot-starter\2.0.2.RELEASE\spring-boot-starter-2.0.2.RELEASE.jar;D:\apache-maven-3.5.3\maven-dependencies\org\springframework\boot\spring-boot\2.0.2.RELEASE\spring-boot-2.0.2.RELEASE.jar;D:\apache-maven-3.5.3\maven-dependencies\org\springframework\boot\spring-boot-autoconfigure\2.0.2.RELEASE\spring-boot-autoconfigure-2.0.2.RELEASE.jar;D:\apache-maven-3.5.3\maven-dependencies\org\springframework\boot\spring-boot-starter-logging\2.0.2.RELEASE\spring-boot-starter-logging-2.0.2.RELEASE.jar;D:\apache-maven-3.5.3\maven-dependencies\ch\qos\logback\logback-classic\1.2.3\logback-classic-1.2.3.jar;D:\apache-maven-3.5.3\maven-dependencies\ch\qos\logback\logback-core\1.2.3\logback-core-1.2.3.jar;D:\apache-maven-3.5.3\maven-dependencies\org\apache\logging\log4j\log4j-to-slf4j\2.10.0\log4j-to-slf4j-2.10.0.jar;D:\apache-maven-3.5.3\maven-dependencies\org\apache\logging\log4j\log4j-api\2.10.0\log4j-api-2.10.0.jar;D:\apache-maven-3.5.3\maven-dependencies\org\slf4j\jul-to-slf4j\1.7.25\jul-to-slf4j-1.7.25.jar;D:\apache-maven-3.5.3\maven-dependencies\javax\annotation\javax.annotation-api\1.3.2\javax.annotation-api-1.3.2.jar;D:\apache-maven-3.5.3\maven-dependencies\org\yaml\snakeyaml\1.19\snakeyaml-1.19.jar;D:\apache-maven-3.5.3\maven-dependencies\org\springframework\boot\spring-boot-starter-json\2.0.2.RELEASE\spring-boot-starter-json-2.0.2.RELEASE.jar;D:\apache-maven-3.5.3\maven-dependencies\com\fasterxml\jackson\core\jackson-databind\2.9.5\jackson-databind-2.9.5.jar;D:\apache-maven-3.5.3\maven-dependencies\com\fasterxml\jackson\core\jackson-core\2.9.5\jackson-core-2.9.5.jar;D:\apache-maven-3.5.3\maven-dependencies\com\fasterxml\jackson\datatype\jackson-datatype-jdk8\2.9.5\jackson-datatype-jdk8-2.9.5.jar;D:\apache-maven-3.5.3\maven-dependencies\com\fasterxml\jackson\datatype\jackson-datatype-jsr310\2.9.5\jackson-datatype-jsr310-2.9.5.jar;D:\apache-maven-3.5.3\maven-dependencies\com\fasterxml\jackson\module\jackson-module-parameter-names\2.9.5\jackson-module-parameter-names-2.9.5.jar;D:\apache-maven-3.5.3\maven-dependencies\org\springframework\boot\spring-boot-starter-tomcat\2.0.2.RELEASE\spring-boot-starter-tomcat-2.0.2.RELEASE.jar;D:\apache-maven-3.5.3\maven-dependencies\org\apache\tomcat\embed\tomcat-embed-core\8.5.31\tomcat-embed-core-8.5.31.jar;D:\apache-maven-3.5.3\maven-dependencies\org\apache\tomcat\embed\tomcat-embed-el\8.5.31\tomcat-embed-el-8.5.31.jar;D:\apache-maven-3.5.3\maven-dependencies\org\apache\tomcat\embed\tomcat-embed-websocket\8.5.31\tomcat-embed-websocket-8.5.31.jar;D:\apache-maven-3.5.3\maven-dependencies\org\hibernate\validator\hibernate-validator\6.0.9.Final\hibernate-validator-6.0.9.Final.jar;D:\apache-maven-3.5.3\maven-dependencies\javax\validation\validation-api\2.0.1.Final\validation-api-2.0.1.Final.jar;D:\apache-maven-3.5.3\maven-dependencies\org\jboss\logging\jboss-logging\3.3.2.Final\jboss-logging-3.3.2.Final.jar;D:\apache-maven-3.5.3\maven-dependencies\org\springframework\spring-web\5.0.6.RELEASE\spring-web-5.0.6.RELEASE.jar;D:\apache-maven-3.5.3\maven-dependencies\org\springframework\spring-beans\5.0.6.RELEASE\spring-beans-5.0.6.RELEASE.jar;D:\apache-maven-3.5.3\maven-dependencies\org\springframework\spring-webmvc\5.0.6.RELEASE\spring-webmvc-5.0.6.RELEASE.jar;D:\apache-maven-3.5.3\maven-dependencies\org\springframework\spring-aop\5.0.6.RELEASE\spring-aop-5.0.6.RELEASE.jar;D:\apache-maven-3.5.3\maven-dependencies\org\springframework\spring-context\5.0.6.RELEASE\spring-context-5.0.6.RELEASE.jar;D:\apache-maven-3.5.3\maven-dependencies\org\springframework\spring-expression\5.0.6.RELEASE\spring-expression-5.0.6.RELEASE.jar;D:\apache-maven-3.5.3\maven-dependencies\org\mybatis\spring\boot\mybatis-spring-boot-starter\1.3.2\mybatis-spring-boot-starter-1.3.2.jar;D:\apache-maven-3.5.3\maven-dependencies\org\springframework\boot\spring-boot-starter-jdbc\2.0.2.RELEASE\spring-boot-starter-jdbc-2.0.2.RELEASE.jar;D:\apache-maven-3.5.3\maven-dependencies\com\zaxxer\HikariCP\2.7.9\HikariCP-2.7.9.jar;D:\apache-maven-3.5.3\maven-dependencies\org\springframework\spring-jdbc\5.0.6.RELEASE\spring-jdbc-5.0.6.RELEASE.jar;D:\apache-maven-3.5.3\maven-dependencies\org\mybatis\spring\boot\mybatis-spring-boot-autoconfigure\1.3.2\mybatis-spring-boot-autoconfigure-1.3.2.jar;D:\apache-maven-3.5.3\maven-dependencies\org\mybatis\mybatis\3.4.6\mybatis-3.4.6.jar;D:\apache-maven-3.5.3\maven-dependencies\org\mybatis\mybatis-spring\1.3.2\mybatis-spring-1.3.2.jar;D:\apache-maven-3.5.3\maven-dependencies\mysql\mysql-connector-java\5.1.46\mysql-connector-java-5.1.46.jar;D:\apache-maven-3.5.3\maven-dependencies\org\springframework\boot\spring-boot-starter-test\2.0.2.RELEASE\spring-boot-starter-test-2.0.2.RELEASE.jar;D:\apache-maven-3.5.3\maven-dependencies\org\springframework\boot\spring-boot-test\2.0.2.RELEASE\spring-boot-test-2.0.2.RELEASE.jar;D:\apache-maven-3.5.3\maven-dependencies\org\springframework\boot\spring-boot-test-autoconfigure\2.0.2.RELEASE\spring-boot-test-autoconfigure-2.0.2.RELEASE.jar;D:\apache-maven-3.5.3\maven-dependencies\com\jayway\jsonpath\json-path\2.4.0\json-path-2.4.0.jar;D:\apache-maven-3.5.3\maven-dependencies\net\minidev\json-smart\2.3\json-smart-2.3.jar;D:\apache-maven-3.5.3\maven-dependencies\net\minidev\accessors-smart\1.2\accessors-smart-1.2.jar;D:\apache-maven-3.5.3\maven-dependencies\org\ow2\asm\asm\5.0.4\asm-5.0.4.jar;D:\apache-maven-3.5.3\maven-dependencies\junit\junit\4.12\junit-4.12.jar;D:\apache-maven-3.5.3\maven-dependencies\org\assertj\assertj-core\3.9.1\assertj-core-3.9.1.jar;D:\apache-maven-3.5.3\maven-dependencies\org\mockito\mockito-core\2.15.0\mockito-core-2.15.0.jar;D:\apache-maven-3.5.3\maven-dependencies\net\bytebuddy\byte-buddy\1.7.11\byte-buddy-1.7.11.jar;D:\apache-maven-3.5.3\maven-dependencies\net\bytebuddy\byte-buddy-agent\1.7.11\byte-buddy-agent-1.7.11.jar;D:\apache-maven-3.5.3\maven-dependencies\org\objenesis\objenesis\2.6\objenesis-2.6.jar;D:\apache-maven-3.5.3\maven-dependencies\org\hamcrest\hamcrest-core\1.3\hamcrest-core-1.3.jar;D:\apache-maven-3.5.3\maven-dependencies\org\hamcrest\hamcrest-library\1.3\hamcrest-library-1.3.jar;D:\apache-maven-3.5.3\maven-dependencies\org\skyscreamer\jsonassert\1.5.0\jsonassert-1.5.0.jar;D:\apache-maven-3.5.3\maven-dependencies\com\vaadin\external\google\android-json\0.0.20131108.vaadin1\android-json-0.0.20131108.vaadin1.jar;D:\apache-maven-3.5.3\maven-dependencies\org\springframework\spring-core\5.0.6.RELEASE\spring-core-5.0.6.RELEASE.jar;D:\apache-maven-3.5.3\maven-dependencies\org\springframework\spring-jcl\5.0.6.RELEASE\spring-jcl-5.0.6.RELEASE.jar;D:\apache-maven-3.5.3\maven-dependencies\org\springframework\spring-test\5.0.6.RELEASE\spring-test-5.0.6.RELEASE.jar;D:\apache-maven-3.5.3\maven-dependencies\org\xmlunit\xmlunit-core\2.5.1\xmlunit-core-2.5.1.jar;D:\apache-maven-3.5.3\maven-dependencies\com\alibaba\druid\1.0.20\druid-1.0.20.jar;C:\Program Files (x86)\java\jdk1.8.0_161\jre\..\lib\jconsole.jar;C:\Program Files (x86)\java\jdk1.8.0_161\jre\..\lib\tools.jar;D:\apache-maven-3.5.3\maven-dependencies\org\springframework\boot\spring-boot-starter-data-redis\2.0.2.RELEASE\spring-boot-starter-data-redis-2.0.2.RELEASE.jar;D:\apache-maven-3.5.3\maven-dependencies\org\springframework\data\spring-data-redis\2.0.7.RELEASE\spring-data-redis-2.0.7.RELEASE.jar;D:\apache-maven-3.5.3\maven-dependencies\org\springframework\data\spring-data-keyvalue\2.0.7.RELEASE\spring-data-keyvalue-2.0.7.RELEASE.jar;D:\apache-maven-3.5.3\maven-dependencies\org\springframework\data\spring-data-commons\2.0.7.RELEASE\spring-data-commons-2.0.7.RELEASE.jar;D:\apache-maven-3.5.3\maven-dependencies\org\springframework\spring-tx\5.0.6.RELEASE\spring-tx-5.0.6.RELEASE.jar;D:\apache-maven-3.5.3\maven-dependencies\org\springframework\spring-oxm\5.0.6.RELEASE\spring-oxm-5.0.6.RELEASE.jar;D:\apache-maven-3.5.3\maven-dependencies\org\springframework\spring-context-support\5.0.6.RELEASE\spring-context-support-5.0.6.RELEASE.jar;D:\apache-maven-3.5.3\maven-dependencies\io\lettuce\lettuce-core\5.0.4.RELEASE\lettuce-core-5.0.4.RELEASE.jar;D:\apache-maven-3.5.3\maven-dependencies\io\projectreactor\reactor-core\3.1.7.RELEASE\reactor-core-3.1.7.RELEASE.jar;D:\apache-maven-3.5.3\maven-dependencies\org\reactivestreams\reactive-streams\1.0.2\reactive-streams-1.0.2.jar;D:\apache-maven-3.5.3\maven-dependencies\io\netty\netty-common\4.1.24.Final\netty-common-4.1.24.Final.jar;D:\apache-maven-3.5.3\maven-dependencies\io\netty\netty-transport\4.1.24.Final\netty-transport-4.1.24.Final.jar;D:\apache-maven-3.5.3\maven-dependencies\io\netty\netty-buffer\4.1.24.Final\netty-buffer-4.1.24.Final.jar;D:\apache-maven-3.5.3\maven-dependencies\io\netty\netty-resolver\4.1.24.Final\netty-resolver-4.1.24.Final.jar;D:\apache-maven-3.5.3\maven-dependencies\io\netty\netty-handler\4.1.24.Final\netty-handler-4.1.24.Final.jar;D:\apache-maven-3.5.3\maven-dependencies\io\netty\netty-codec\4.1.24.Final\netty-codec-4.1.24.Final.jar;D:\apache-maven-3.5.3\maven-dependencies\com\alibaba\fastjson\1.2.12\fastjson-1.2.12.jar;D:\apache-maven-3.5.3\maven-dependencies\org\springframework\boot\spring-boot-starter-thymeleaf\2.0.2.RELEASE\spring-boot-starter-thymeleaf-2.0.2.RELEASE.jar;D:\apache-maven-3.5.3\maven-dependencies\org\thymeleaf\thymeleaf-spring5\3.0.9.RELEASE\thymeleaf-spring5-3.0.9.RELEASE.jar;D:\apache-maven-3.5.3\maven-dependencies\org\thymeleaf\thymeleaf\3.0.9.RELEASE\thymeleaf-3.0.9.RELEASE.jar;D:\apache-maven-3.5.3\maven-dependencies\org\attoparser\attoparser\2.0.4.RELEASE\attoparser-2.0.4.RELEASE.jar;D:\apache-maven-3.5.3\maven-dependencies\org\unbescape\unbescape\1.1.5.RELEASE\unbescape-1.1.5.RELEASE.jar;D:\apache-maven-3.5.3\maven-dependencies\org\thymeleaf\extras\thymeleaf-extras-java8time\3.0.1.RELEASE\thymeleaf-extras-java8time-3.0.1.RELEASE.jar;D:\apache-maven-3.5.3\maven-dependencies\io\springfox\springfox-swagger2\2.7.0\springfox-swagger2-2.7.0.jar;D:\apache-maven-3.5.3\maven-dependencies\io\swagger\swagger-annotations\1.5.13\swagger-annotations-1.5.13.jar;D:\apache-maven-3.5.3\maven-dependencies\io\swagger\swagger-models\1.5.13\swagger-models-1.5.13.jar;D:\apache-maven-3.5.3\maven-dependencies\com\fasterxml\jackson\core\jackson-annotations\2.9.0\jackson-annotations-2.9.0.jar;D:\apache-maven-3.5.3\maven-dependencies\io\springfox\springfox-spi\2.7.0\springfox-spi-2.7.0.jar;D:\apache-maven-3.5.3\maven-dependencies\io\springfox\springfox-core\2.7.0\springfox-core-2.7.0.jar;D:\apache-maven-3.5.3\maven-dependencies\io\springfox\springfox-schema\2.7.0\springfox-schema-2.7.0.jar;D:\apache-maven-3.5.3\maven-dependencies\io\springfox\springfox-swagger-common\2.7.0\springfox-swagger-common-2.7.0.jar;D:\apache-maven-3.5.3\maven-dependencies\io\springfox\springfox-spring-web\2.7.0\springfox-spring-web-2.7.0.jar;D:\apache-maven-3.5.3\maven-dependencies\org\reflections\reflections\0.9.11\reflections-0.9.11.jar;D:\apache-maven-3.5.3\maven-dependencies\org\javassist\javassist\3.21.0-GA\javassist-3.21.0-GA.jar;D:\apache-maven-3.5.3\maven-dependencies\com\google\guava\guava\18.0\guava-18.0.jar;D:\apache-maven-3.5.3\maven-dependencies\com\fasterxml\classmate\1.3.4\classmate-1.3.4.jar;D:\apache-maven-3.5.3\maven-dependencies\org\slf4j\slf4j-api\1.7.25\slf4j-api-1.7.25.jar;D:\apache-maven-3.5.3\maven-dependencies\org\springframework\plugin\spring-plugin-core\1.2.0.RELEASE\spring-plugin-core-1.2.0.RELEASE.jar;D:\apache-maven-3.5.3\maven-dependencies\org\springframework\plugin\spring-plugin-metadata\1.2.0.RELEASE\spring-plugin-metadata-1.2.0.RELEASE.jar;D:\apache-maven-3.5.3\maven-dependencies\org\mapstruct\mapstruct\1.1.0.Final\mapstruct-1.1.0.Final.jar;D:\apache-maven-3.5.3\maven-dependencies\io\springfox\springfox-swagger-ui\2.7.0\springfox-swagger-ui-2.7.0.jar;"/>
    <property name="sun.cpu.endian" value="little"/>
    <property name="user.home" value="C:\Users\Administrator"/>
    <property name="user.language" value="zh"/>
    <property name="java.specification.vendor" value="Oracle Corporation"/>
    <property name="java.home" value="C:\Program Files (x86)\java\jdk1.8.0_161\jre"/>
    <property name="basedir" value="D:\workspace\springbootmybatis"/>
    <property name="file.separator" value="\"/>
    <property name="line.separator" value="&#10;"/>
    <property name="java.vm.specification.vendor" value="Oracle Corporation"/>
    <property name="java.specification.name" value="Java Platform API Specification"/>
    <property name="java.awt.graphicsenv" value="sun.awt.Win32GraphicsEnvironment"/>
    <property name="surefire.real.class.path" value="C:\Users\ADMINI~1\AppData\Local\Temp\surefire6969188317267863764\surefirebooter1768694044560667672.jar"/>
    <property name="sun.boot.class.path" value="C:\Program Files (x86)\java\jdk1.8.0_161\jre\lib\resources.jar;C:\Program Files (x86)\java\jdk1.8.0_161\jre\lib\rt.jar;C:\Program Files (x86)\java\jdk1.8.0_161\jre\lib\sunrsasign.jar;C:\Program Files (x86)\java\jdk1.8.0_161\jre\lib\jsse.jar;C:\Program Files (x86)\java\jdk1.8.0_161\jre\lib\jce.jar;C:\Program Files (x86)\java\jdk1.8.0_161\jre\lib\charsets.jar;C:\Program Files (x86)\java\jdk1.8.0_161\jre\lib\jfr.jar;C:\Program Files (x86)\java\jdk1.8.0_161\jre\classes"/>
    <property name="user.script" value=""/>
    <property name="sun.management.compiler" value="HotSpot 64-Bit Tiered Compilers"/>
    <property name="java.runtime.version" value="1.8.0_161-b12"/>
    <property name="user.name" value="Administrator"/>
    <property name="path.separator" value=";"/>
    <property name="os.version" value="6.1"/>
    <property name="java.endorsed.dirs" value="C:\Program Files (x86)\java\jdk1.8.0_161\jre\lib\endorsed"/>
    <property name="java.runtime.name" value="Java(TM) SE Runtime Environment"/>
    <property name="file.encoding" value="GBK"/>
    <property name="java.vm.name" value="Java HotSpot(TM) 64-Bit Server VM"/>
    <property name="localRepository" value="D:\apache-maven-3.5.3\maven-dependencies"/>
    <property name="java.vendor.url.bug" value="http://bugreport.sun.com/bugreport/"/>
    <property name="java.io.tmpdir" value="C:\Users\ADMINI~1\AppData\Local\Temp\"/>
    <property name="idea.version" value="2017.1.6"/>
    <property name="java.version" value="1.8.0_161"/>
    <property name="user.dir" value="D:\workspace\springbootmybatis"/>
    <property name="os.arch" value="amd64"/>
    <property name="java.vm.specification.name" value="Java Virtual Machine Specification"/>
    <property name="java.awt.printerjob" value="sun.awt.windows.WPrinterJob"/>
    <property name="sun.os.patch.level" value="Service Pack 1"/>
    <property name="java.library.path" value="C:\Program Files (x86)\java\jdk1.8.0_161\jre\bin;C:\Windows\Sun\Java\bin;C:\Windows\system32;C:\Windows;C:\ProgramData\Oracle\Java\javapath;C:\Program Files (x86)\java\jdk1.8.0_161\bin;C:\Program Files (x86)\java\jdk1.8.0_161\jre\bin;C:\Windows\system32;C:\Windows;C:\Windows\System32\Wbem;C:\Windows\System32\WindowsPowerShell\v1.0\;D:\apache-maven-3.5.3\bin;C:\Program Files\TortoiseSVN\bin;."/>
    <property name="java.vm.info" value="mixed mode"/>
    <property name="java.vendor" value="Oracle Corporation"/>
    <property name="java.vm.version" value="25.161-b12"/>
    <property name="java.ext.dirs" value="C:\Program Files (x86)\java\jdk1.8.0_161\jre\lib\ext;C:\Windows\Sun\Java\lib\ext"/>
    <property name="sun.io.unicode.encoding" value="UnicodeLittle"/>
    <property name="java.class.version" value="52.0"/>
  </properties>
  <testcase name="contextLoads" classname="com.example.demo.SpringbootmybatisApplicationTests" time="0.168"/>
</testsuite>